  snakemain.cpp
C:\Users\smith\Documents\VS Projects\Snake7\snakemain.cpp(38,12): warning C4244: 'argument': conversion from 'time_t' to 'unsigned int', possible loss of data
C:\Users\smith\Documents\VS Projects\Snake7\snakemain.cpp(65,13): warning C4244: 'argument': conversion from 'double' to 'DWORD', possible loss of data
C:\Users\smith\Documents\VS Projects\Snake7\snakemain.cpp(100,5): error C2228: left of '.Column' must have class/struct/union
C:\Users\smith\Documents\VS Projects\Snake7\snakemain.cpp(100,5): error C2039: 'Column': is not a member of 'Block'
C:\Users\smith\Documents\VS Projects\Snake7\block.h(12): message : see declaration of 'Block'
C:\Users\smith\Documents\VS Projects\Snake7\snakemain.cpp(100,43): error C2065: 'head': undeclared identifier
C:\Users\smith\Documents\VS Projects\Snake7\snakemain.cpp(100,63): error C2039: 'Row': is not a member of 'Block'
C:\Users\smith\Documents\VS Projects\Snake7\block.h(12): message : see declaration of 'Block'
C:\Users\smith\Documents\VS Projects\Snake7\snakemain.cpp(103,20): error C2039: 'sizeOfSnake': is not a member of 'Snake'
C:\Users\smith\Documents\VS Projects\Snake7\snake.h(14): message : see declaration of 'Snake'
C:\Users\smith\Documents\VS Projects\Snake7\snakemain.cpp(106,13): error C2039: 'body': is not a member of 'Snake'
C:\Users\smith\Documents\VS Projects\Snake7\snake.h(14): message : see declaration of 'Snake'
C:\Users\smith\Documents\VS Projects\Snake7\snakemain.cpp(106,32): error C2039: 'sizeOfSnake': is not a member of 'Snake'
C:\Users\smith\Documents\VS Projects\Snake7\snake.h(14): message : see declaration of 'Snake'
C:\Users\smith\Documents\VS Projects\Snake7\snakemain.cpp(106,44): error C2248: 'Snake::tail': cannot access private member declared in class 'Snake'
C:\Users\smith\Documents\VS Projects\Snake7\snake.h(19): message : see declaration of 'Snake::tail'
C:\Users\smith\Documents\VS Projects\Snake7\snake.h(14): message : see declaration of 'Snake'
C:\Users\smith\Documents\VS Projects\Snake7\snakemain.cpp(109,8): error C2248: 'Snake::tail': cannot access private member declared in class 'Snake'
C:\Users\smith\Documents\VS Projects\Snake7\snake.h(19): message : see declaration of 'Snake::tail'
C:\Users\smith\Documents\VS Projects\Snake7\snake.h(14): message : see declaration of 'Snake'
C:\Users\smith\Documents\VS Projects\Snake7\snakemain.cpp(109,16): error C2065: 'EMPTY_BLOCK': undeclared identifier
C:\Users\smith\Documents\VS Projects\Snake7\snakemain.cpp(112,10): error C2065: 'EMPTY_BLOCK': undeclared identifier
C:\Users\smith\Documents\VS Projects\Snake7\snakemain.cpp(117,23): error C2039: 'nextDirection': is not a member of 'Snake'
C:\Users\smith\Documents\VS Projects\Snake7\snake.h(14): message : see declaration of 'Snake'
C:\Users\smith\Documents\VS Projects\Snake7\snakemain.cpp(121,4): error C2039: 'Column': is not a member of 'Block'
C:\Users\smith\Documents\VS Projects\Snake7\block.h(12): message : see declaration of 'Block'
C:\Users\smith\Documents\VS Projects\Snake7\snakemain.cpp(121,20): error C2065: 'EMPTY_BLOCK': undeclared identifier
C:\Users\smith\Documents\VS Projects\Snake7\snakemain.cpp(141,25): error C2039: 'body': is not a member of 'Snake'
C:\Users\smith\Documents\VS Projects\Snake7\snake.h(14): message : see declaration of 'Snake'
C:\Users\smith\Documents\VS Projects\Snake7\snakemain.cpp(144,5): error C2039: 'Column': is not a member of 'Block'
C:\Users\smith\Documents\VS Projects\Snake7\block.h(12): message : see declaration of 'Block'
C:\Users\smith\Documents\VS Projects\Snake7\snakemain.cpp(146,15): error C2039: 'Column': is not a member of 'Block'
C:\Users\smith\Documents\VS Projects\Snake7\block.h(12): message : see declaration of 'Block'
C:\Users\smith\Documents\VS Projects\Snake7\snakemain.cpp(148,10): error C2039: 'Column': is not a member of 'Block'
C:\Users\smith\Documents\VS Projects\Snake7\block.h(12): message : see declaration of 'Block'
C:\Users\smith\Documents\VS Projects\Snake7\snakemain.cpp(150,15): error C2039: 'Column': is not a member of 'Block'
C:\Users\smith\Documents\VS Projects\Snake7\block.h(12): message : see declaration of 'Block'
C:\Users\smith\Documents\VS Projects\Snake7\snakemain.cpp(154,5): error C2039: 'Row': is not a member of 'Block'
C:\Users\smith\Documents\VS Projects\Snake7\block.h(12): message : see declaration of 'Block'
C:\Users\smith\Documents\VS Projects\Snake7\snakemain.cpp(156,12): error C2039: 'Row': is not a member of 'Block'
C:\Users\smith\Documents\VS Projects\Snake7\block.h(12): message : see declaration of 'Block'
C:\Users\smith\Documents\VS Projects\Snake7\snakemain.cpp(158,10): error C2039: 'Row': is not a member of 'Block'
C:\Users\smith\Documents\VS Projects\Snake7\block.h(12): message : see declaration of 'Block'
C:\Users\smith\Documents\VS Projects\Snake7\snakemain.cpp(160,12): error C2039: 'Row': is not a member of 'Block'
C:\Users\smith\Documents\VS Projects\Snake7\block.h(12): message : see declaration of 'Block'
C:\Users\smith\Documents\VS Projects\Snake7\snakemain.cpp(170,13): error C2039: 'body': is not a member of 'Snake'
C:\Users\smith\Documents\VS Projects\Snake7\snake.h(14): message : see declaration of 'Snake'
C:\Users\smith\Documents\VS Projects\Snake7\snakemain.cpp(191,23): error C2039: 'Column': is not a member of 'Block'
C:\Users\smith\Documents\VS Projects\Snake7\block.h(12): message : see declaration of 'Block'
C:\Users\smith\Documents\VS Projects\Snake7\snakemain.cpp(191,33): error C2039: 'Row': is not a member of 'Block'
C:\Users\smith\Documents\VS Projects\Snake7\block.h(12): message : see declaration of 'Block'
C:\Users\smith\Documents\VS Projects\Snake7\snakemain.cpp(194,17): error C2248: 'Snake::tail': cannot access private member declared in class 'Snake'
C:\Users\smith\Documents\VS Projects\Snake7\snake.h(19): message : see declaration of 'Snake::tail'
C:\Users\smith\Documents\VS Projects\Snake7\snake.h(14): message : see declaration of 'Snake'
C:\Users\smith\Documents\VS Projects\Snake7\snakemain.cpp(194,36): error C2248: 'Snake::tail': cannot access private member declared in class 'Snake'
C:\Users\smith\Documents\VS Projects\Snake7\snake.h(19): message : see declaration of 'Snake::tail'
C:\Users\smith\Documents\VS Projects\Snake7\snake.h(14): message : see declaration of 'Snake'
C:\Users\smith\Documents\VS Projects\Snake7\snakemain.cpp(197,22): error C2039: 'body': is not a member of 'Snake'
C:\Users\smith\Documents\VS Projects\Snake7\snake.h(14): message : see declaration of 'Snake'
C:\Users\smith\Documents\VS Projects\Snake7\snakemain.cpp(197,44): error C2039: 'body': is not a member of 'Snake'
C:\Users\smith\Documents\VS Projects\Snake7\snake.h(14): message : see declaration of 'Snake'
C:\Users\smith\Documents\VS Projects\Snake7\snakemain.cpp(214,15): error C2065: 'EMPTY_BLOCK': undeclared identifier
C:\Users\smith\Documents\VS Projects\Snake7\snakemain.cpp(216,21): error C2039: 'Column': is not a member of 'Block'
C:\Users\smith\Documents\VS Projects\Snake7\block.h(12): message : see declaration of 'Block'
C:\Users\smith\Documents\VS Projects\Snake7\snakemain.cpp(216,24): error C2065: 'EMPTY_BLOCK': undeclared identifier
C:\Users\smith\Documents\VS Projects\Snake7\snakemain.cpp(219,15): error C2039: 'Column': is not a member of 'Block'
C:\Users\smith\Documents\VS Projects\Snake7\block.h(12): message : see declaration of 'Block'
C:\Users\smith\Documents\VS Projects\Snake7\snakemain.cpp(220,12): error C2039: 'Row': is not a member of 'Block'
C:\Users\smith\Documents\VS Projects\Snake7\block.h(12): message : see declaration of 'Block'
C:\Users\smith\Documents\VS Projects\Snake7\snakemain.cpp(224,11): error C2065: 'EMPTY_BLOCK': undeclared identifier
C:\Users\smith\Documents\VS Projects\Snake7\snakemain.cpp(253,31): error C2039: 'sizeOfSnake': is not a member of 'Snake'
C:\Users\smith\Documents\VS Projects\Snake7\snake.h(14): message : see declaration of 'Snake'
C:\Users\smith\Documents\VS Projects\Snake7\snakemain.cpp(254,26): error C2039: 'body': is not a member of 'Snake'
C:\Users\smith\Documents\VS Projects\Snake7\snake.h(14): message : see declaration of 'Snake'
C:\Users\smith\Documents\VS Projects\Snake7\snakemain.cpp(256,6): error C2039: 'Column': is not a member of 'Block'
C:\Users\smith\Documents\VS Projects\Snake7\block.h(12): message : see declaration of 'Block'
C:\Users\smith\Documents\VS Projects\Snake7\snakemain.cpp(256,6): error C2039: 'Row': is not a member of 'Block'
C:\Users\smith\Documents\VS Projects\Snake7\block.h(12): message : see declaration of 'Block'
C:\Users\smith\Documents\VS Projects\Snake7\snakemain.cpp(256,59): error C2039: 'Row': is not a member of 'Block'
C:\Users\smith\Documents\VS Projects\Snake7\block.h(12): message : see declaration of 'Block'
